<?xml version="1.0" encoding="UTF-8"?>
<!-- Generated by org.testng.reporters.JUnitReportReporter -->
<testsuite skipped="0" hostname="Vilas" name="com.swissotel.testcases.SWBooking" tests="8" failures="0" timestamp="13 Aug 2019 16:15:25 GMT" time="215.810" errors="0">
  <testcase name="step1" time="24.218" classname="com.swissotel.testcases.SWBooking"/>
  <testcase name="step2" time="22.565" classname="com.swissotel.testcases.SWBooking"/>
  <testcase name="step3" time="23.117" classname="com.swissotel.testcases.SWBooking"/>
  <testcase name="step4" time="55.004" classname="com.swissotel.testcases.SWBooking"/>
  <testcase name="step5" time="20.452" classname="com.swissotel.testcases.SWBooking"/>
  <testcase name="details" time="22.370" classname="com.swissotel.testcases.SWBooking"/>
  <testcase name="modify" time="23.829" classname="com.swissotel.testcases.SWBooking"/>
  <testcase name="cancel" time="24.255" classname="com.swissotel.testcases.SWBooking"/>
</testsuite> <!-- com.swissotel.testcases.SWBooking -->
