<?xml version="1.0" encoding="UTF-8"?>
<!-- Generated by org.testng.reporters.JUnitReportReporter -->
<testsuite skipped="0" hostname="Vilas" name="com.swissotel.testcases.SWBooking" tests="8" failures="0" timestamp="18 Aug 2019 05:58:28 GMT" time="380.347" errors="0">
  <testcase name="step1" time="1.542" classname="com.swissotel.testcases.SWBooking"/>
  <testcase name="step2" time="53.291" classname="com.swissotel.testcases.SWBooking"/>
  <testcase name="step3" time="48.330" classname="com.swissotel.testcases.SWBooking"/>
  <testcase name="step4" time="52.628" classname="com.swissotel.testcases.SWBooking"/>
  <testcase name="step5" time="50.672" classname="com.swissotel.testcases.SWBooking"/>
  <testcase name="details" time="46.655" classname="com.swissotel.testcases.SWBooking"/>
  <testcase name="modify" time="48.865" classname="com.swissotel.testcases.SWBooking"/>
  <testcase name="cancel" time="78.364" classname="com.swissotel.testcases.SWBooking"/>
</testsuite> <!-- com.swissotel.testcases.SWBooking -->
