<?xml version="1.0" encoding="UTF-8"?>
<!-- Generated by org.testng.reporters.JUnitReportReporter -->
<testsuite skipped="0" hostname="Vilas" name="com.swissotel.testcases.SWBooking" tests="8" failures="0" timestamp="19 Aug 2019 16:55:25 GMT" time="186.050" errors="0">
  <testcase name="step1" time="24.602" classname="com.swissotel.testcases.SWBooking"/>
  <testcase name="step2" time="22.338" classname="com.swissotel.testcases.SWBooking"/>
  <testcase name="step3" time="22.602" classname="com.swissotel.testcases.SWBooking"/>
  <testcase name="step4" time="25.702" classname="com.swissotel.testcases.SWBooking"/>
  <testcase name="step5" time="20.421" classname="com.swissotel.testcases.SWBooking"/>
  <testcase name="details" time="22.332" classname="com.swissotel.testcases.SWBooking"/>
  <testcase name="modify" time="24.825" classname="com.swissotel.testcases.SWBooking"/>
  <testcase name="cancel" time="23.228" classname="com.swissotel.testcases.SWBooking"/>
</testsuite> <!-- com.swissotel.testcases.SWBooking -->
