<?xml version="1.0" encoding="UTF-8"?>
<!-- Generated by org.testng.reporters.JUnitReportReporter -->
<testsuite skipped="0" hostname="Vilas" name="com.swissotel.testcases.SWBooking" tests="5" failures="0" timestamp="03 Aug 2019 14:12:48 GMT" time="95.728" errors="0">
  <testcase name="step1" time="23.014" classname="com.swissotel.testcases.SWBooking"/>
  <testcase name="step2" time="22.249" classname="com.swissotel.testcases.SWBooking"/>
  <testcase name="step3" time="21.967" classname="com.swissotel.testcases.SWBooking"/>
  <testcase name="step4" time="28.313" classname="com.swissotel.testcases.SWBooking"/>
  <testcase name="step5" time="0.185" classname="com.swissotel.testcases.SWBooking"/>
</testsuite> <!-- com.swissotel.testcases.SWBooking -->
