<?xml version="1.0" encoding="UTF-8"?>
<!-- Generated by org.testng.reporters.JUnitReportReporter -->
<testsuite skipped="0" hostname="Vilas" name="com.swissotel.testcases.DemoExtentReports" tests="1" failures="0" timestamp="10 Aug 2019 14:40:52 GMT" time="0.688" errors="0">
  <testcase name="firstmethod" time="0.688" classname="com.swissotel.testcases.DemoExtentReports"/>
</testsuite> <!-- com.swissotel.testcases.DemoExtentReports -->
