<?xml version="1.0" encoding="UTF-8"?>
<!-- Generated by org.testng.reporters.JUnitReportReporter -->
<testsuite skipped="0" hostname="Vilas" name="com.swissotel.testcases.SWBooking" tests="8" failures="0" timestamp="10 Aug 2019 14:09:54 GMT" time="221.805" errors="0">
  <testcase name="step1" time="23.262" classname="com.swissotel.testcases.SWBooking"/>
  <testcase name="step2" time="22.584" classname="com.swissotel.testcases.SWBooking"/>
  <testcase name="step3" time="59.118" classname="com.swissotel.testcases.SWBooking"/>
  <testcase name="step4" time="27.176" classname="com.swissotel.testcases.SWBooking"/>
  <testcase name="step5" time="20.188" classname="com.swissotel.testcases.SWBooking"/>
  <testcase name="details" time="22.463" classname="com.swissotel.testcases.SWBooking"/>
  <testcase name="modify" time="23.440" classname="com.swissotel.testcases.SWBooking"/>
  <testcase name="cancel" time="23.574" classname="com.swissotel.testcases.SWBooking"/>
</testsuite> <!-- com.swissotel.testcases.SWBooking -->
