<?xml version="1.0" encoding="UTF-8"?>
<!-- Generated by org.testng.reporters.JUnitReportReporter -->
<testsuite skipped="0" hostname="vilasp-w8" name="com.swissotel.testcases.SWBooking" tests="8" failures="0" timestamp="20 Aug 2019 09:06:14 GMT" time="305.617" errors="0">
  <testcase name="step1" time="30.620" classname="com.swissotel.testcases.SWBooking"/>
  <testcase name="step2" time="27.731" classname="com.swissotel.testcases.SWBooking"/>
  <testcase name="step3" time="33.653" classname="com.swissotel.testcases.SWBooking"/>
  <testcase name="step4" time="50.205" classname="com.swissotel.testcases.SWBooking"/>
  <testcase name="step5" time="37.401" classname="com.swissotel.testcases.SWBooking"/>
  <testcase name="details" time="31.959" classname="com.swissotel.testcases.SWBooking"/>
  <testcase name="modify" time="29.269" classname="com.swissotel.testcases.SWBooking"/>
  <testcase name="cancel" time="64.779" classname="com.swissotel.testcases.SWBooking"/>
</testsuite> <!-- com.swissotel.testcases.SWBooking -->
